
SQL*Plus: Release 21.0.0.0.0 - Production on Mon Sep 4 17:31:50 2023
Version 21.4.0.0.0

Copyright (c) 1982, 2021, Oracle.  All rights reserved.

Enter user-name: 
Connected to:
Oracle Database 18c Express Edition Release 18.0.0.0.0 - Production
Version 18.4.0.0.0

SQL> 
LAST_NAME		  FIRST_NAME	       PHONE_NUMBER
------------------------- -------------------- --------------------
Abel			  Ellen 	       011.44.1644.429267
Ande			  Sundar	       011.44.1346.629268
Atkinson		  Mozhe 	       650.124.6234
Austin			  David 	       590.423.4569
Baer			  Hermann	       515.123.8888
Baida			  Shelli	       515.127.4563
Banda			  Amit		       011.44.1346.729268
Bates			  Elizabeth	       011.44.1343.529268
Bell			  Sarah 	       650.501.1876
Bernstein		  David 	       011.44.1344.345268
Bissot			  Laura 	       650.124.5234

LAST_NAME		  FIRST_NAME	       PHONE_NUMBER
------------------------- -------------------- --------------------
Bloom			  Harrison	       011.44.1343.829268
Bull			  Alexis	       650.509.2876
Cabrio			  Anthony	       650.509.4876
Cambrault		  Nanette	       011.44.1344.987668
Cambrault		  Gerald	       011.44.1344.619268
Chen			  John		       515.124.4269
Chung			  Kelly 	       650.505.1876
Colmenares		  Karen 	       515.127.4566
Davies			  Curtis	       650.121.2994
De Haan 		  Lex		       515.123.4569
Dellinger		  Julia 	       650.509.3876

LAST_NAME		  FIRST_NAME	       PHONE_NUMBER
------------------------- -------------------- --------------------
Dilly			  Jennifer	       650.505.2876
Doran			  Louise	       011.44.1345.629268
Ernst			  Bruce 	       590.423.4568
Errazuriz		  Alberto	       011.44.1344.429278
Everett 		  Britney	       650.501.2876
Faviet			  Daniel	       515.124.4169
Fay			  Pat		       603.123.6666
Feeney			  Kevin 	       650.507.9822
Fleaur			  Jean		       650.507.9877
Fox			  Tayler	       011.44.1343.729268
Fripp			  Adam		       650.123.2234

LAST_NAME		  FIRST_NAME	       PHONE_NUMBER
------------------------- -------------------- --------------------
Gates			  Timothy	       650.505.3876
Gee			  Ki		       650.127.1734
Geoni			  Girard	       650.507.9879
Gietz			  William	       515.123.8181
Grant			  Kimberely	       011.44.1644.429263
Grant			  Douglas	       650.507.9844
Greenberg		  Nancy 	       515.124.4569
Greene			  Danielle	       011.44.1346.229268
Hall			  Peter 	       011.44.1344.478968
Hartstein		  Michael	       515.123.5555
Higgins 		  Shelley	       515.123.8080

LAST_NAME		  FIRST_NAME	       PHONE_NUMBER
------------------------- -------------------- --------------------
Himuro			  Guy		       515.127.4565
Hunold			  Alexander	       590.423.4567
Hutton			  Alyssa	       011.44.1644.429266
Johnson 		  Charles	       011.44.1644.429262
Jones			  Vance 	       650.501.4876
Kaufling		  Payam 	       650.123.3234
Khoo			  Alexander	       515.127.4562
King			  Steven	       515.123.4567
King			  Janette	       011.44.1345.429268
Kochhar 		  Neena 	       515.123.4568
Kumar			  Sundita	       011.44.1343.329268

LAST_NAME		  FIRST_NAME	       PHONE_NUMBER
------------------------- -------------------- --------------------
Ladwig			  Renske	       650.121.1234
Landry			  James 	       650.124.1334
Lee			  David 	       011.44.1346.529268
Livingston		  Jack		       011.44.1644.429264
Lorentz 		  Diana 	       590.423.5567
Mallin			  Jason 	       650.127.1934
Markle			  Steven	       650.124.1434
Marlow			  James 	       650.124.7234
Marvins 		  Mattea	       011.44.1346.329268
Matos			  Randall	       650.121.2874
Mavris			  Susan 	       515.123.7777

LAST_NAME		  FIRST_NAME	       PHONE_NUMBER
------------------------- -------------------- --------------------
McCain			  Samuel	       650.501.3876
McEwen			  Allan 	       011.44.1345.829268
Mikkilineni		  Irene 	       650.124.1224
Mourgos 		  Kevin 	       650.123.5234
Nayer			  Julia 	       650.124.1214
OConnell		  Donald	       650.507.9833
Olsen			  Christopher	       011.44.1344.498718
Olson			  TJ		       650.124.8234
Ozer			  Lisa		       011.44.1343.929268
Partners		  Karen 	       011.44.1344.467268
Pataballa		  Valli 	       590.423.4560

LAST_NAME		  FIRST_NAME	       PHONE_NUMBER
------------------------- -------------------- --------------------
Patel			  Joshua	       650.121.1834
Perkins 		  Randall	       650.505.4876
Philtanker		  Hazel 	       650.127.1634
Popp			  Luis		       515.124.4567
Rajs			  Trenna	       650.121.8009
Raphaely		  Den		       515.127.4561
Rogers			  Michael	       650.127.1834
Russell 		  John		       011.44.1344.429268
Sarchand		  Nandita	       650.509.1876
Sciarra 		  Ismael	       515.124.4369
Seo			  John		       650.121.2019

LAST_NAME		  FIRST_NAME	       PHONE_NUMBER
------------------------- -------------------- --------------------
Sewall			  Sarath	       011.44.1345.529268
Smith			  Lindsey	       011.44.1345.729268
Smith			  William	       011.44.1343.629268
Stiles			  Stephen	       650.121.2034
Sullivan		  Martha	       650.507.9878
Sully			  Patrick	       011.44.1345.929268
Taylor			  Winston	       650.507.9876
Taylor			  Jonathon	       011.44.1644.429265
Tobias			  Sigal 	       515.127.4564
Tucker			  Peter 	       011.44.1344.129268
Tuvault 		  Oliver	       011.44.1344.486508

LAST_NAME		  FIRST_NAME	       PHONE_NUMBER
------------------------- -------------------- --------------------
Urman			  Jose Manuel	       515.124.4469
Vargas			  Peter 	       650.121.2004
Vishney 		  Clara 	       011.44.1346.129268
Vollman 		  Shanta	       650.123.4234
Walsh			  Alana 	       650.507.9811
Weiss			  Matthew	       650.123.1234
Whalen			  Jennifer	       515.123.4444
Zlotkey 		  Eleni 	       011.44.1344.429018

107 rows selected.

Disconnected from Oracle Database 18c Express Edition Release 18.0.0.0.0 - Production
Version 18.4.0.0.0
